<?xml version="1.0" encoding="UTF-8"?>
<!-- Generated by org.testng.reporters.JUnitReportReporter -->
<testsuite hostname="DESKTOP-HV3P354" failures="0" tests="2" name="GeneralStore.AppiumFrameworkDesign.PurchaseProducts" time="0.014" errors="0" timestamp="2025-04-16T18:42:23 IST" skipped="0">
  <testcase classname="GeneralStore.AppiumFrameworkDesign.PurchaseProducts" name="validateLogin" time="0.004"/>
  <testcase classname="GeneralStore.AppiumFrameworkDesign.PurchaseProducts" name="validateLogin" time="0.010"/>
</testsuite> <!-- GeneralStore.AppiumFrameworkDesign.PurchaseProducts -->
