<?xml version="1.0" encoding="UTF-8"?>
<!-- Generated by org.testng.reporters.JUnitReportReporter -->
<testsuite hostname="DESKTOP-HV3P354" failures="0" tests="1" name="GeneralStore.AppiumFrameworkDesign.PurchaseProducts" time="19.156" errors="0" timestamp="2025-04-03T08:39:19 IST" skipped="0">
  <testcase classname="GeneralStore.AppiumFrameworkDesign.PurchaseProducts" name="purchaseProduct" time="19.156"/>
</testsuite> <!-- GeneralStore.AppiumFrameworkDesign.PurchaseProducts -->
